
> quality-real-state@0.0.0 build
> vite build

[36mvite v5.4.21 [32mbuilding for production...[36m[39m
transforming...
[32mΓ£ô[39m 691 modules transformed.
rendering chunks...
computing gzip size...
[2mdist/[22m[32mindex.html                       [39m[1m[2m  0.54 kB[22m[1m[22m[2m Γöé gzip:   0.32 kB[22m
[2mdist/[22m[35massets/index-eHJiU_7F.css        [39m[1m[2m 24.74 kB[22m[1m[22m[2m Γöé gzip:   5.71 kB[22m
[2mdist/[22m[36massets/Preview-C2hwPvUm.js       [39m[1m[2m  1.52 kB[22m[1m[22m[2m Γöé gzip:   0.84 kB[22m
[2mdist/[22m[36massets/index-B6_3PTYU.js         [39m[1m[2m  2.34 kB[22m[1m[22m[2m Γöé gzip:   0.80 kB[22m
[2mdist/[22m[36massets/react-BChSJwib.js         [39m[1m[2m  6.39 kB[22m[1m[22m[2m Γöé gzip:   3.07 kB[22m
[2mdist/[22m[36massets/react-CMILZuPz.js         [39m[1m[2m  7.74 kB[22m[1m[22m[2m Γöé gzip:   3.28 kB[22m
[2mdist/[22m[36massets/react-DSU3_u_R.js         [39m[1m[2m  8.56 kB[22m[1m[22m[2m Γöé gzip:   3.62 kB[22m
[2mdist/[22m[36massets/react-B5VhvHcY.js         [39m[1m[2m  8.94 kB[22m[1m[22m[2m Γöé gzip:   3.58 kB[22m
[2mdist/[22m[36massets/react-DGYwCeQL.js         [39m[1m[2m 10.22 kB[22m[1m[22m[2m Γöé gzip:   4.07 kB[22m
[2mdist/[22m[36massets/react-CI3s7Cw7.js         [39m[1m[2m 11.43 kB[22m[1m[22m[2m Γöé gzip:   4.46 kB[22m
[2mdist/[22m[36massets/react-Du7QBNwc.js         [39m[1m[2m 13.29 kB[22m[1m[22m[2m Γöé gzip:   5.03 kB[22m
[2mdist/[22m[36massets/mixin-DIQKSja0.js         [39m[1m[2m 18.96 kB[22m[1m[22m[2m Γöé gzip:   5.05 kB[22m
[2mdist/[22m[36massets/react-UZ8J0Kpa.js         [39m[1m[2m 52.39 kB[22m[1m[22m[2m Γöé gzip:  16.44 kB[22m
[2mdist/[22m[36massets/index-Cn1NaKaS.js         [39m[1m[2m475.70 kB[22m[1m[22m[2m Γöé gzip: 154.23 kB[22m
[2mdist/[22m[36massets/hls-CHtO2mPP.js           [39m[1m[33m523.99 kB[39m[22m[2m Γöé gzip: 162.08 kB[22m
[2mdist/[22m[36massets/index-_h7FgfTe.js         [39m[1m[33m533.95 kB[39m[22m[2m Γöé gzip: 138.89 kB[22m
[2mdist/[22m[36massets/dash.all.min-FF_1IyY6.js  [39m[1m[33m854.45 kB[39m[22m[2m Γöé gzip: 256.85 kB[22m

(!) Some chunks are larger than 500 kB after minification. Consider:
- Using dynamic import() to code-split the application
- Use build.rollupOptions.output.manualChunks to improve chunking: https://rollupjs.org/configuration-options/#output-manualchunks
- Adjust chunk size limit for this warning via build.chunkSizeWarningLimit.
[32mΓ£ô built in 16.69s[39m
